TN:
SF:C:\Users\Max Bosch\thesis\src\polyfills.ts
FNF:0
FNH:0
LF:0
LH:0
BRF:0
BRH:0
end_of_record
TN:
SF:C:\Users\Max Bosch\thesis\src\test.ts
FNF:0
FNH:0
DA:13,1
DA:18,1
DA:20,1
LF:3
LH:3
BRF:0
BRH:0
end_of_record
TN:
SF:C:\Users\Max Bosch\thesis\src\zone-flags.ts
FNF:0
FNH:0
DA:5,1
LF:1
LH:1
BRF:0
BRH:0
end_of_record
TN:
SF:C:\Users\Max Bosch\thesis\src\app\app.component.ts
FN:65,(anonymous_0)
FN:73,(anonymous_1)
FN:74,(anonymous_2)
FN:81,(anonymous_3)
FN:84,(anonymous_4)
FNF:5
FNH:4
FNDA:3,(anonymous_0)
FNDA:3,(anonymous_1)
FNDA:3,(anonymous_2)
FNDA:1,(anonymous_3)
FNDA:0,(anonymous_4)
DA:16,1
DA:19,3
DA:20,3
DA:66,3
DA:67,3
DA:68,3
DA:70,3
DA:74,3
DA:75,3
DA:76,3
DA:82,1
DA:83,1
DA:84,0
LF:13
LH:12
BRDA:83,0,0,0
BRDA:83,0,1,1
BRF:2
BRH:1
end_of_record
TN:
SF:C:\Users\Max Bosch\thesis\src\app\btc\btc.page.ts
FN:45,(anonymous_0)
FN:48,(anonymous_1)
FN:52,(anonymous_2)
FN:54,(anonymous_3)
FN:70,(anonymous_4)
FN:84,(anonymous_5)
FN:84,(anonymous_6)
FN:88,(anonymous_7)
FN:106,(anonymous_9)
FN:107,(anonymous_11)
FN:107,(anonymous_12)
FN:226,(anonymous_13)
FN:236,(anonymous_15)
FN:271,(anonymous_17)
FN:298,(anonymous_19)
FN:314,(anonymous_21)
FN:314,(anonymous_22)
FN:346,(anonymous_23)
FNF:18
FNH:14
FNDA:7,(anonymous_0)
FNDA:3,(anonymous_1)
FNDA:3,(anonymous_2)
FNDA:3,(anonymous_3)
FNDA:7,(anonymous_4)
FNDA:8,(anonymous_5)
FNDA:8,(anonymous_6)
FNDA:1,(anonymous_7)
FNDA:1,(anonymous_9)
FNDA:0,(anonymous_11)
FNDA:0,(anonymous_12)
FNDA:1,(anonymous_13)
FNDA:3,(anonymous_15)
FNDA:1,(anonymous_17)
FNDA:1,(anonymous_19)
FNDA:0,(anonymous_21)
FNDA:0,(anonymous_22)
FNDA:7,(anonymous_23)
DA:24,1
DA:26,1
DA:28,7
DA:30,7
DA:31,7
DA:35,7
DA:36,7
DA:37,7
DA:38,7
DA:45,7
DA:52,3
DA:54,3
DA:56,3
DA:57,1
DA:64,3
DA:71,7
DA:73,7
DA:77,7
DA:84,8
DA:89,1
DA:90,1
DA:91,1
DA:92,1
DA:93,1
DA:94,1
DA:96,1
DA:98,1
DA:99,0
DA:100,0
DA:102,0
DA:107,1
DA:113,1
DA:227,1
DA:229,1
DA:230,1
DA:231,1
DA:232,1
DA:239,3
DA:240,3
DA:243,1
DA:246,1
DA:249,500
DA:250,500
DA:251,500
DA:257,1
DA:259,0
DA:261,0
DA:264,1
DA:272,1
DA:273,1
DA:276,1
DA:282,0
DA:283,0
DA:284,0
DA:285,0
DA:287,0
DA:288,0
DA:289,0
DA:294,0
DA:299,1
DA:300,1
DA:303,1
DA:314,0
DA:315,0
DA:318,0
DA:321,0
DA:322,0
DA:324,0
DA:325,0
DA:331,0
DA:332,0
DA:339,1
DA:349,7
DA:351,7
DA:353,7
DA:354,7
DA:358,6
DA:359,6
DA:360,0
DA:363,6
DA:364,6
DA:367,1
LF:82
LH:59
BRDA:56,0,0,1
BRDA:56,0,1,2
BRDA:100,1,0,0
BRDA:100,1,1,0
BRDA:259,2,0,0
BRDA:259,2,1,0
BRDA:287,3,0,0
BRDA:287,3,1,0
BRDA:300,4,0,0
BRDA:300,4,1,1
BRDA:315,5,0,0
BRDA:315,5,1,0
BRDA:322,6,0,0
BRDA:322,6,1,0
BRDA:358,7,0,6
BRDA:358,7,1,0
BRF:16
BRH:4
end_of_record
TN:
SF:C:\Users\Max Bosch\thesis\src\app\eth\eth.page.ts
FN:37,(anonymous_0)
FN:40,(anonymous_1)
FN:42,(anonymous_2)
FN:44,(anonymous_3)
FN:60,(anonymous_4)
FN:75,(anonymous_5)
FN:79,(anonymous_7)
FN:101,(anonymous_9)
FN:102,(anonymous_11)
FN:102,(anonymous_12)
FN:216,(anonymous_13)
FN:224,(anonymous_15)
FN:251,(anonymous_17)
FN:278,(anonymous_19)
FN:305,(anonymous_21)
FN:320,(anonymous_23)
FN:320,(anonymous_24)
FNF:17
FNH:12
FNDA:8,(anonymous_0)
FNDA:3,(anonymous_1)
FNDA:3,(anonymous_2)
FNDA:3,(anonymous_3)
FNDA:8,(anonymous_4)
FNDA:9,(anonymous_5)
FNDA:1,(anonymous_7)
FNDA:0,(anonymous_9)
FNDA:0,(anonymous_11)
FNDA:0,(anonymous_12)
FNDA:1,(anonymous_13)
FNDA:3,(anonymous_15)
FNDA:9,(anonymous_17)
FNDA:1,(anonymous_19)
FNDA:1,(anonymous_21)
FNDA:0,(anonymous_23)
FNDA:0,(anonymous_24)
DA:20,1
DA:22,8
DA:23,8
DA:24,8
DA:27,8
DA:28,8
DA:29,8
DA:30,8
DA:37,8
DA:42,3
DA:44,3
DA:46,3
DA:47,2
DA:53,3
DA:61,8
DA:63,8
DA:65,8
DA:75,9
DA:76,9
DA:80,1
DA:81,1
DA:82,1
DA:83,1
DA:84,1
DA:85,1
DA:86,1
DA:87,1
DA:89,1
DA:90,0
DA:91,0
DA:93,0
DA:102,0
DA:107,0
DA:217,1
DA:218,1
DA:219,1
DA:220,0
DA:221,0
DA:227,3
DA:228,3
DA:231,0
DA:234,0
DA:235,0
DA:236,0
DA:237,0
DA:242,0
DA:243,0
DA:246,0
DA:248,0
DA:254,9
DA:258,9
DA:260,9
DA:261,9
DA:265,0
DA:266,0
DA:267,0
DA:269,0
DA:270,0
DA:272,9
DA:279,1
DA:280,1
DA:283,1
DA:288,0
DA:289,0
DA:290,0
DA:291,0
DA:293,0
DA:294,0
DA:295,0
DA:302,0
DA:306,1
DA:307,1
DA:309,1
DA:320,0
DA:321,0
DA:325,0
DA:327,0
DA:328,0
DA:334,0
DA:341,1
LF:80
LH:45
BRDA:46,0,0,2
BRDA:46,0,1,1
BRDA:87,1,0,0
BRDA:87,1,1,1
BRDA:243,2,0,0
BRDA:243,2,1,0
BRDA:265,3,0,0
BRDA:265,3,1,0
BRDA:293,4,0,0
BRDA:293,4,1,0
BRDA:307,5,0,0
BRDA:307,5,1,1
BRDA:321,6,0,0
BRDA:321,6,1,0
BRDA:325,7,0,0
BRDA:325,7,1,0
BRF:16
BRH:4
end_of_record
TN:
SF:C:\Users\Max Bosch\thesis\src\app\folder\folder.page.ts
FN:12,(anonymous_0)
FN:14,(anonymous_1)
FNF:2
FNH:2
FNDA:1,(anonymous_0)
FNDA:1,(anonymous_1)
DA:9,1
DA:12,1
DA:15,1
LF:3
LH:3
BRF:0
BRH:0
end_of_record
TN:
SF:C:\Users\Max Bosch\thesis\src\app\homepage\homepage.page.ts
FN:46,(anonymous_0)
FN:48,(anonymous_1)
FN:49,(anonymous_2)
FN:50,(anonymous_3)
FN:60,(anonymous_4)
FN:62,(anonymous_5)
FN:63,(anonymous_6)
FN:74,(anonymous_7)
FN:87,(anonymous_8)
FN:105,(anonymous_9)
FN:117,(anonymous_10)
FN:124,(anonymous_12)
FN:137,(anonymous_14)
FN:165,(anonymous_16)
FN:166,(anonymous_18)
FN:166,(anonymous_19)
FN:175,(anonymous_20)
FN:288,(anonymous_22)
FN:318,(anonymous_24)
FN:334,(anonymous_26)
FN:334,(anonymous_27)
FN:340,(anonymous_28)
FN:351,(anonymous_29)
FN:351,(anonymous_30)
FN:368,(anonymous_31)
FN:383,(anonymous_32)
FN:383,(anonymous_33)
FN:407,(anonymous_34)
FN:425,(anonymous_36)
FN:425,(anonymous_37)
FN:431,(anonymous_38)
FN:451,(anonymous_39)
FN:451,(anonymous_40)
FN:468,(anonymous_41)
FN:488,(anonymous_42)
FN:488,(anonymous_43)
FNF:36
FNH:18
FNDA:8,(anonymous_0)
FNDA:10,(anonymous_1)
FNDA:10,(anonymous_2)
FNDA:10,(anonymous_3)
FNDA:1,(anonymous_4)
FNDA:1,(anonymous_5)
FNDA:1,(anonymous_6)
FNDA:1,(anonymous_7)
FNDA:1,(anonymous_8)
FNDA:8,(anonymous_9)
FNDA:9,(anonymous_10)
FNDA:1,(anonymous_12)
FNDA:11,(anonymous_14)
FNDA:2,(anonymous_16)
FNDA:0,(anonymous_18)
FNDA:0,(anonymous_19)
FNDA:2,(anonymous_20)
FNDA:1,(anonymous_22)
FNDA:1,(anonymous_24)
FNDA:0,(anonymous_26)
FNDA:0,(anonymous_27)
FNDA:0,(anonymous_28)
FNDA:0,(anonymous_29)
FNDA:0,(anonymous_30)
FNDA:0,(anonymous_31)
FNDA:0,(anonymous_32)
FNDA:0,(anonymous_33)
FNDA:1,(anonymous_34)
FNDA:0,(anonymous_36)
FNDA:0,(anonymous_37)
FNDA:0,(anonymous_38)
FNDA:0,(anonymous_39)
FNDA:0,(anonymous_40)
FNDA:0,(anonymous_41)
FNDA:0,(anonymous_42)
FNDA:0,(anonymous_43)
DA:20,1
DA:21,8
DA:23,8
DA:26,8
DA:31,8
DA:32,8
DA:33,8
DA:46,8
DA:49,10
DA:50,10
DA:51,10
DA:52,0
DA:56,10
DA:57,10
DA:61,1
DA:62,1
DA:63,1
DA:65,1
DA:66,0
DA:69,1
DA:71,1
DA:74,1
DA:76,1
DA:77,0
DA:79,1
DA:83,1
DA:87,1
DA:88,1
DA:89,0
DA:95,1
DA:98,1
DA:101,1
DA:102,1
DA:106,8
DA:107,8
DA:108,8
DA:117,9
DA:126,1
DA:128,1
DA:129,1
DA:130,1
DA:133,1
DA:140,11
DA:141,11
DA:142,11
DA:143,11
DA:144,11
DA:145,11
DA:146,11
DA:148,0
DA:149,11
DA:150,11
DA:151,11
DA:154,11
DA:155,11
DA:157,11
DA:159,0
DA:160,0
DA:166,2
DA:168,2
DA:169,2
DA:176,2
DA:177,2
DA:178,2
DA:180,2
DA:181,1
DA:182,1
DA:183,1
DA:184,1
DA:185,1
DA:186,1
DA:188,2
DA:189,1
DA:190,1
DA:192,2
DA:280,2
DA:290,1
DA:291,1
DA:292,1
DA:293,1
DA:294,1
DA:297,1
DA:298,2
DA:299,2
DA:300,2
DA:301,2
DA:302,2
DA:303,2
DA:305,2
DA:306,1000
DA:307,1000
DA:308,0
DA:315,1
DA:320,1
DA:322,1
DA:324,1
DA:326,1
DA:334,0
DA:335,0
DA:336,0
DA:341,0
DA:342,0
DA:343,0
DA:344,0
DA:351,0
DA:352,0
DA:354,0
DA:356,0
DA:357,0
DA:358,0
DA:359,0
DA:363,0
DA:369,0
DA:370,0
DA:371,0
DA:372,0
DA:383,0
DA:384,0
DA:386,0
DA:387,0
DA:388,0
DA:389,0
DA:392,0
DA:393,0
DA:397,0
DA:408,1
DA:411,1
DA:412,1
DA:414,1
DA:425,0
DA:426,0
DA:427,0
DA:432,0
DA:433,0
DA:438,0
DA:440,0
DA:451,0
DA:452,0
DA:454,0
DA:455,0
DA:456,0
DA:457,0
DA:462,0
DA:464,0
DA:469,0
DA:470,0
DA:476,0
DA:477,0
DA:488,0
DA:489,0
DA:491,0
DA:492,0
DA:493,0
DA:494,0
DA:497,0
DA:502,0
LF:156
LH:93
BRDA:51,0,0,0
BRDA:51,0,1,10
BRDA:65,1,0,0
BRDA:65,1,1,1
BRDA:76,2,0,0
BRDA:76,2,1,1
BRDA:88,3,0,0
BRDA:88,3,1,1
BRDA:145,4,0,11
BRDA:145,4,1,0
BRDA:145,5,0,11
BRDA:145,5,1,11
BRDA:188,6,0,1
BRDA:188,6,1,1
BRDA:307,7,0,0
BRDA:307,7,1,1000
BRDA:307,8,0,1000
BRDA:307,8,1,804
BRDA:307,8,2,0
BRDA:335,9,0,0
BRDA:335,9,1,0
BRDA:341,10,0,0
BRDA:341,10,1,0
BRDA:343,11,0,0
BRDA:343,11,1,0
BRDA:363,12,0,0
BRDA:363,12,1,0
BRDA:369,13,0,0
BRDA:369,13,1,0
BRDA:371,14,0,0
BRDA:371,14,1,0
BRDA:426,15,0,0
BRDA:426,15,1,0
BRDA:432,16,0,0
BRDA:432,16,1,0
BRDA:438,17,0,0
BRDA:438,17,1,0
BRDA:462,18,0,0
BRDA:462,18,1,0
BRDA:469,19,0,0
BRDA:469,19,1,0
BRDA:476,20,0,0
BRDA:476,20,1,0
BRF:43
BRH:12
end_of_record
TN:
SF:C:\Users\Max Bosch\thesis\src\app\login\login.page.ts
FN:71,(anonymous_0)
FN:87,(anonymous_1)
FN:125,(anonymous_3)
FN:133,(anonymous_5)
FN:195,(anonymous_7)
FNF:5
FNH:5
FNDA:4,(anonymous_0)
FNDA:1,(anonymous_1)
FNDA:4,(anonymous_3)
FNDA:1,(anonymous_5)
FNDA:4,(anonymous_7)
DA:26,1
DA:28,4
DA:29,4
DA:32,4
DA:33,1
DA:45,4
DA:71,4
DA:73,4
DA:74,4
DA:76,4
DA:77,4
DA:88,1
DA:89,1
DA:90,1
DA:91,1
DA:92,1
DA:93,1
DA:94,0
DA:96,0
DA:97,0
DA:98,0
DA:101,0
DA:102,0
DA:106,1
DA:107,1
DA:113,0
DA:119,0
DA:121,1
DA:127,4
DA:129,0
DA:134,1
DA:135,1
DA:137,1
DA:138,1
DA:139,1
DA:140,12
DA:141,12
DA:142,1
DA:144,1
DA:145,1
DA:147,1
DA:148,0
DA:150,0
DA:153,1
DA:154,0
DA:155,0
DA:158,1
DA:159,0
DA:161,0
DA:166,1
DA:167,1
DA:168,1
DA:170,0
DA:171,0
DA:174,0
DA:177,0
DA:178,0
DA:179,0
DA:186,0
DA:190,0
DA:192,0
DA:196,4
LF:62
LH:38
BRDA:93,0,0,0
BRDA:93,0,1,0
BRDA:127,1,0,0
BRDA:127,1,1,4
BRDA:144,2,0,0
BRDA:144,2,1,1
BRDA:145,3,0,0
BRDA:145,3,1,1
BRDA:147,4,0,0
BRDA:147,4,1,1
BRDA:153,5,0,0
BRDA:153,5,1,1
BRDA:158,6,0,0
BRDA:158,6,1,1
BRDA:166,7,0,1
BRDA:166,7,1,0
BRDA:170,8,0,0
BRDA:170,8,1,0
BRF:18
BRH:7
end_of_record
TN:
SF:C:\Users\Max Bosch\thesis\src\app\predictions\predictions.page.ts
FN:26,(anonymous_0)
FN:28,(anonymous_1)
FN:30,(anonymous_2)
FN:32,(anonymous_3)
FN:48,(anonymous_4)
FN:67,(anonymous_5)
FN:94,(anonymous_6)
FN:94,(anonymous_7)
FN:98,(anonymous_8)
FN:107,(anonymous_9)
FNF:10
FNH:10
FNDA:5,(anonymous_0)
FNDA:6,(anonymous_1)
FNDA:6,(anonymous_2)
FNDA:6,(anonymous_3)
FNDA:6,(anonymous_4)
FNDA:2,(anonymous_5)
FNDA:6,(anonymous_6)
FNDA:6,(anonymous_7)
FNDA:5,(anonymous_8)
FNDA:1,(anonymous_9)
DA:13,1
DA:14,5
DA:15,5
DA:19,5
DA:20,5
DA:21,5
DA:22,5
DA:26,5
DA:30,6
DA:32,6
DA:34,6
DA:35,6
DA:48,6
DA:50,6
DA:51,6
DA:57,6
DA:58,6
DA:69,2
DA:70,1
DA:72,0
DA:73,0
DA:74,0
DA:77,1
DA:79,1
DA:81,1
DA:82,0
DA:83,0
DA:84,0
DA:87,1
DA:94,6
DA:101,5
DA:102,5
DA:109,1
DA:110,1
LF:34
LH:28
BRDA:34,0,0,6
BRDA:34,0,1,0
BRDA:50,1,0,6
BRDA:50,1,1,0
BRDA:69,2,0,1
BRDA:69,2,1,1
BRDA:70,3,0,0
BRDA:70,3,1,1
BRDA:81,4,0,0
BRDA:81,4,1,1
BRF:10
BRH:6
end_of_record
TN:
SF:C:\Users\Max Bosch\thesis\src\app\register\register.page.ts
FN:10,(anonymous_0)
FN:12,(anonymous_1)
FNF:2
FNH:2
FNDA:1,(anonymous_0)
FNDA:1,(anonymous_1)
DA:8,1
LF:1
LH:1
BRF:0
BRH:0
end_of_record
TN:
SF:C:\Users\Max Bosch\thesis\src\app\services\connection.service.ts
FN:9,(anonymous_0)
FNF:1
FNH:1
FNDA:1,(anonymous_0)
DA:6,1
DA:7,1
LF:2
LH:2
BRF:0
BRH:0
end_of_record
TN:
SF:C:\Users\Max Bosch\thesis\src\app\services\graphs.service.ts
FN:16,(anonymous_0)
FNF:1
FNH:1
FNDA:9,(anonymous_0)
DA:12,1
DA:13,1
LF:2
LH:2
BRF:0
BRH:0
end_of_record
TN:
SF:C:\Users\Max Bosch\thesis\src\app\services\login.service.ts
FN:17,(anonymous_0)
FN:20,(anonymous_1)
FN:31,(anonymous_3)
FNF:3
FNH:2
FNDA:33,(anonymous_0)
FNDA:36,(anonymous_1)
FNDA:0,(anonymous_3)
DA:14,1
DA:17,33
DA:22,36
DA:24,36
DA:25,0
DA:32,0
DA:33,0
LF:7
LH:4
BRDA:24,0,0,36
BRDA:24,0,1,0
BRF:2
BRH:1
end_of_record
TN:
SF:C:\Users\Max Bosch\thesis\src\app\services\minval.service.ts
FN:8,(anonymous_0)
FN:11,(anonymous_1)
FNF:2
FNH:2
FNDA:17,(anonymous_0)
FNDA:32,(anonymous_1)
DA:6,1
DA:12,32
DA:13,32
DA:14,32
DA:15,32
DA:16,32
DA:17,32
DA:18,32
DA:19,32
DA:20,32
LF:10
LH:10
BRDA:15,0,0,0
BRDA:15,0,1,32
BRDA:16,1,0,0
BRDA:16,1,1,32
BRDA:17,2,0,0
BRDA:17,2,1,32
BRDA:18,3,0,32
BRDA:18,3,1,0
BRF:8
BRH:4
end_of_record
TN:
SF:C:\Users\Max Bosch\thesis\src\app\services\predictions.service.ts
FN:13,(anonymous_0)
FN:17,(anonymous_1)
FNF:2
FNH:2
FNDA:20,(anonymous_0)
FNDA:4,(anonymous_1)
DA:11,1
DA:13,20
DA:18,4
DA:19,4
DA:20,4
DA:21,2
DA:23,2
DA:25,4
DA:26,2
DA:28,2
DA:30,4
DA:31,2
DA:33,2
DA:35,4
DA:36,2
DA:38,2
DA:40,4
DA:47,4
DA:48,4
DA:49,4
DA:50,4
DA:51,2
DA:52,2
DA:55,2
DA:56,2
DA:58,4
DA:59,4
DA:60,4
DA:61,4
DA:62,4
DA:69,4
DA:70,0
DA:78,0
DA:80,0
DA:81,0
DA:83,0
DA:84,0
DA:88,4
DA:89,4
LF:39
LH:33
BRDA:20,0,0,2
BRDA:20,0,1,2
BRDA:25,1,0,2
BRDA:25,1,1,2
BRDA:30,2,0,2
BRDA:30,2,1,2
BRDA:35,3,0,2
BRDA:35,3,1,2
BRDA:50,4,0,2
BRDA:50,4,1,2
BRDA:80,5,0,0
BRDA:80,5,1,0
BRF:12
BRH:10
end_of_record
TN:
SF:C:\Users\Max Bosch\thesis\src\app\services\registration.service.ts
FN:8,(anonymous_0)
FNF:1
FNH:1
FNDA:1,(anonymous_0)
DA:6,1
LF:1
LH:1
BRF:0
BRH:0
end_of_record
